Determining if files OpenGL/glu.h exist failed with the following output:
Change Dir: /home/morpheus/src/repos/BingoChado/GeorgeLink/client/target/debug/build/fltk-sys-c5ccceb078dc21ed/out/build/CMakeFiles/CMakeTmp

Run Build Command(s):/usr/bin/make -f Makefile cmTC_e25a8/fast && /usr/bin/make  -f CMakeFiles/cmTC_e25a8.dir/build.make CMakeFiles/cmTC_e25a8.dir/build
make[1]: Entering directory '/home/morpheus/src/repos/BingoChado/GeorgeLink/client/target/debug/build/fltk-sys-c5ccceb078dc21ed/out/build/CMakeFiles/CMakeTmp'
Building C object CMakeFiles/cmTC_e25a8.dir/HAVE_OPENGL_GLU_H.c.o
/usr/bin/cc   -ffunction-sections -fdata-sections -fPIC -m64  -o CMakeFiles/cmTC_e25a8.dir/HAVE_OPENGL_GLU_H.c.o -c /home/morpheus/src/repos/BingoChado/GeorgeLink/client/target/debug/build/fltk-sys-c5ccceb078dc21ed/out/build/CMakeFiles/CheckIncludeFiles/HAVE_OPENGL_GLU_H.c
/home/morpheus/src/repos/BingoChado/GeorgeLink/client/target/debug/build/fltk-sys-c5ccceb078dc21ed/out/build/CMakeFiles/CheckIncludeFiles/HAVE_OPENGL_GLU_H.c:2:10: fatal error: OpenGL/glu.h: No such file or directory
    2 | #include <OpenGL/glu.h>
      |          ^~~~~~~~~~~~~~
compilation terminated.
make[1]: *** [CMakeFiles/cmTC_e25a8.dir/build.make:78: CMakeFiles/cmTC_e25a8.dir/HAVE_OPENGL_GLU_H.c.o] Error 1
make[1]: Leaving directory '/home/morpheus/src/repos/BingoChado/GeorgeLink/client/target/debug/build/fltk-sys-c5ccceb078dc21ed/out/build/CMakeFiles/CMakeTmp'
make: *** [Makefile:127: cmTC_e25a8/fast] Error 2


Source:
/* */
#include <OpenGL/glu.h>


int main(void){return 0;}

Determining if files sys/stdtypes.h exist failed with the following output:
Change Dir: /home/morpheus/src/repos/BingoChado/GeorgeLink/client/target/debug/build/fltk-sys-c5ccceb078dc21ed/out/build/CMakeFiles/CMakeTmp

Run Build Command(s):/usr/bin/make -f Makefile cmTC_dda34/fast && /usr/bin/make  -f CMakeFiles/cmTC_dda34.dir/build.make CMakeFiles/cmTC_dda34.dir/build
make[1]: Entering directory '/home/morpheus/src/repos/BingoChado/GeorgeLink/client/target/debug/build/fltk-sys-c5ccceb078dc21ed/out/build/CMakeFiles/CMakeTmp'
Building C object CMakeFiles/cmTC_dda34.dir/HAVE_SYS_STDTYPES_H.c.o
/usr/bin/cc   -ffunction-sections -fdata-sections -fPIC -m64  -o CMakeFiles/cmTC_dda34.dir/HAVE_SYS_STDTYPES_H.c.o -c /home/morpheus/src/repos/BingoChado/GeorgeLink/client/target/debug/build/fltk-sys-c5ccceb078dc21ed/out/build/CMakeFiles/CheckIncludeFiles/HAVE_SYS_STDTYPES_H.c
/home/morpheus/src/repos/BingoChado/GeorgeLink/client/target/debug/build/fltk-sys-c5ccceb078dc21ed/out/build/CMakeFiles/CheckIncludeFiles/HAVE_SYS_STDTYPES_H.c:2:10: fatal error: sys/stdtypes.h: No such file or directory
    2 | #include <sys/stdtypes.h>
      |          ^~~~~~~~~~~~~~~~
compilation terminated.
make[1]: *** [CMakeFiles/cmTC_dda34.dir/build.make:78: CMakeFiles/cmTC_dda34.dir/HAVE_SYS_STDTYPES_H.c.o] Error 1
make[1]: Leaving directory '/home/morpheus/src/repos/BingoChado/GeorgeLink/client/target/debug/build/fltk-sys-c5ccceb078dc21ed/out/build/CMakeFiles/CMakeTmp'
make: *** [Makefile:127: cmTC_dda34/fast] Error 2


Source:
/* */
#include <sys/stdtypes.h>


int main(void){return 0;}

Determining if the function strlcat exists failed with the following output:
Change Dir: /home/morpheus/src/repos/BingoChado/GeorgeLink/client/target/debug/build/fltk-sys-c5ccceb078dc21ed/out/build/CMakeFiles/CMakeTmp

Run Build Command(s):/usr/bin/make -f Makefile cmTC_ddd34/fast && /usr/bin/make  -f CMakeFiles/cmTC_ddd34.dir/build.make CMakeFiles/cmTC_ddd34.dir/build
make[1]: Entering directory '/home/morpheus/src/repos/BingoChado/GeorgeLink/client/target/debug/build/fltk-sys-c5ccceb078dc21ed/out/build/CMakeFiles/CMakeTmp'
Building C object CMakeFiles/cmTC_ddd34.dir/CheckFunctionExists.c.o
/usr/bin/cc   -ffunction-sections -fdata-sections -fPIC -m64 -DCHECK_FUNCTION_EXISTS=strlcat -o CMakeFiles/cmTC_ddd34.dir/CheckFunctionExists.c.o -c /usr/share/cmake/Modules/CheckFunctionExists.c
Linking C executable cmTC_ddd34
/usr/bin/cmake -E cmake_link_script CMakeFiles/cmTC_ddd34.dir/link.txt --verbose=1
/usr/bin/cc  -ffunction-sections -fdata-sections -fPIC -m64 -DCHECK_FUNCTION_EXISTS=strlcat -rdynamic CMakeFiles/cmTC_ddd34.dir/CheckFunctionExists.c.o -o cmTC_ddd34 
/usr/bin/ld: CMakeFiles/cmTC_ddd34.dir/CheckFunctionExists.c.o: in function `main':
CheckFunctionExists.c:(.text.main+0x10): undefined reference to `strlcat'
collect2: error: ld returned 1 exit status
make[1]: *** [CMakeFiles/cmTC_ddd34.dir/build.make:99: cmTC_ddd34] Error 1
make[1]: Leaving directory '/home/morpheus/src/repos/BingoChado/GeorgeLink/client/target/debug/build/fltk-sys-c5ccceb078dc21ed/out/build/CMakeFiles/CMakeTmp'
make: *** [Makefile:127: cmTC_ddd34/fast] Error 2



Determining if the function strlcpy exists failed with the following output:
Change Dir: /home/morpheus/src/repos/BingoChado/GeorgeLink/client/target/debug/build/fltk-sys-c5ccceb078dc21ed/out/build/CMakeFiles/CMakeTmp

Run Build Command(s):/usr/bin/make -f Makefile cmTC_4885b/fast && /usr/bin/make  -f CMakeFiles/cmTC_4885b.dir/build.make CMakeFiles/cmTC_4885b.dir/build
make[1]: Entering directory '/home/morpheus/src/repos/BingoChado/GeorgeLink/client/target/debug/build/fltk-sys-c5ccceb078dc21ed/out/build/CMakeFiles/CMakeTmp'
Building C object CMakeFiles/cmTC_4885b.dir/CheckFunctionExists.c.o
/usr/bin/cc   -ffunction-sections -fdata-sections -fPIC -m64 -DCHECK_FUNCTION_EXISTS=strlcpy -o CMakeFiles/cmTC_4885b.dir/CheckFunctionExists.c.o -c /usr/share/cmake/Modules/CheckFunctionExists.c
Linking C executable cmTC_4885b
/usr/bin/cmake -E cmake_link_script CMakeFiles/cmTC_4885b.dir/link.txt --verbose=1
/usr/bin/cc  -ffunction-sections -fdata-sections -fPIC -m64 -DCHECK_FUNCTION_EXISTS=strlcpy -rdynamic CMakeFiles/cmTC_4885b.dir/CheckFunctionExists.c.o -o cmTC_4885b 
/usr/bin/ld: CMakeFiles/cmTC_4885b.dir/CheckFunctionExists.c.o: in function `main':
CheckFunctionExists.c:(.text.main+0x10): undefined reference to `strlcpy'
collect2: error: ld returned 1 exit status
make[1]: *** [CMakeFiles/cmTC_4885b.dir/build.make:99: cmTC_4885b] Error 1
make[1]: Leaving directory '/home/morpheus/src/repos/BingoChado/GeorgeLink/client/target/debug/build/fltk-sys-c5ccceb078dc21ed/out/build/CMakeFiles/CMakeTmp'
make: *** [Makefile:127: cmTC_4885b/fast] Error 2



